[debug] [2026-07-04T17:40:47.860Z] ----------------------------------------------------------------------
[debug] [2026-07-04T17:40:47.866Z] Command:       C:\tmp\firebase-tools\firebase-tools-win.exe C:\Users\jorge_w2dmd47\.cache\firebase\tools\lib\node_modules\firebase-tools\lib\bin\firebase deploy --project jorgeranilla-site --only hosting
[debug] [2026-07-04T17:40:47.866Z] CLI Version:   15.15.0
[debug] [2026-07-04T17:40:47.866Z] Platform:      win32
[debug] [2026-07-04T17:40:47.867Z] Node Version:  v20.18.2
[debug] [2026-07-04T17:40:47.867Z] Time:          Sat Jul 04 2026 13:40:47 GMT-0400 (Eastern Daylight Time)
[debug] [2026-07-04T17:40:47.867Z] ----------------------------------------------------------------------
[debug] 
[debug] [2026-07-04T17:40:49.993Z] > command requires scopes: ["email","openid","https://www.googleapis.com/auth/cloudplatformprojects.readonly","https://www.googleapis.com/auth/firebase","https://www.googleapis.com/auth/cloud-platform"]
[debug] [2026-07-04T17:40:49.993Z] > authorizing via signed-in user (jorgeranilla@gmail.com)
[debug] [2026-07-04T17:40:49.993Z] [iam] checking project jorgeranilla-site for permissions ["firebase.projects.get","firebasehosting.sites.update"]
[debug] [2026-07-04T17:40:49.995Z] Checked if tokens are valid: true, expires at: 1783190281530
[debug] [2026-07-04T17:40:49.995Z] Checked if tokens are valid: true, expires at: 1783190281530
[debug] [2026-07-04T17:40:49.996Z] >>> [apiv2][query] POST https://cloudresourcemanager.googleapis.com/v1/projects/jorgeranilla-site:testIamPermissions [none]
[debug] [2026-07-04T17:40:49.996Z] >>> [apiv2][(partial)header] POST https://cloudresourcemanager.googleapis.com/v1/projects/jorgeranilla-site:testIamPermissions  x-goog-user-project=jorgeranilla-site
[debug] [2026-07-04T17:40:49.997Z] >>> [apiv2][body] POST https://cloudresourcemanager.googleapis.com/v1/projects/jorgeranilla-site:testIamPermissions {"permissions":["firebase.projects.get","firebasehosting.sites.update"]}
[debug] [2026-07-04T17:40:50.319Z] <<< [apiv2][status] POST https://cloudresourcemanager.googleapis.com/v1/projects/jorgeranilla-site:testIamPermissions 200
[debug] [2026-07-04T17:40:50.319Z] <<< [apiv2][body] POST https://cloudresourcemanager.googleapis.com/v1/projects/jorgeranilla-site:testIamPermissions {"permissions":["firebase.projects.get","firebasehosting.sites.update"]}
[debug] [2026-07-04T17:40:50.320Z] Checked if tokens are valid: true, expires at: 1783190281530
[debug] [2026-07-04T17:40:50.321Z] Checked if tokens are valid: true, expires at: 1783190281530
[debug] [2026-07-04T17:40:50.321Z] >>> [apiv2][query] GET https://firebase.googleapis.com/v1beta1/projects/jorgeranilla-site [none]
[debug] [2026-07-04T17:40:50.632Z] <<< [apiv2][status] GET https://firebase.googleapis.com/v1beta1/projects/jorgeranilla-site 200
[debug] [2026-07-04T17:40:50.632Z] <<< [apiv2][body] GET https://firebase.googleapis.com/v1beta1/projects/jorgeranilla-site {"projectId":"jorgeranilla-site","projectNumber":"125483521813","displayName":"jorgeranilla-site","name":"projects/jorgeranilla-site","resources":{"hostingSite":"jorgeranilla-site","realtimeDatabaseInstance":"jorgeranilla-site-default-rtdb"},"state":"ACTIVE","labels":{"firebase":"enabled"},"etag":"1_df7402e7-45e7-4951-9d29-1ed2b6d3a92a"}
[info] 
[info] === Deploying to 'jorgeranilla-site'...
[info] 
[info] i  deploying hosting 
[debug] [2026-07-04T17:40:50.637Z] Checked if tokens are valid: true, expires at: 1783190281530
[debug] [2026-07-04T17:40:50.638Z] Checked if tokens are valid: true, expires at: 1783190281530
[debug] [2026-07-04T17:40:50.638Z] >>> [apiv2][query] POST https://firebasehosting.googleapis.com/v1beta1/projects/-/sites/jorgeranilla-site/versions [none]
[debug] [2026-07-04T17:40:50.638Z] >>> [apiv2][body] POST https://firebasehosting.googleapis.com/v1beta1/projects/-/sites/jorgeranilla-site/versions {"status":"CREATED","labels":{"deployment-tool":"cli-firebase"}}
[debug] [2026-07-04T17:40:51.839Z] <<< [apiv2][status] POST https://firebasehosting.googleapis.com/v1beta1/projects/-/sites/jorgeranilla-site/versions 200
[debug] [2026-07-04T17:40:51.840Z] <<< [apiv2][body] POST https://firebasehosting.googleapis.com/v1beta1/projects/-/sites/jorgeranilla-site/versions {"name":"projects/125483521813/sites/jorgeranilla-site/versions/0cf7bc9abe7fc422","status":"CREATED","config":{},"labels":{"deployment-tool":"cli-firebase"}}
[info] i  hosting[jorgeranilla-site]: beginning deploy... 
[info] i  hosting[jorgeranilla-site]: found 608 files in . 
[debug] [2026-07-04T17:40:52.085Z] [hosting] uploading with 200 concurrency
[info] i  hosting: hashing files [606/608] (99%) 
[info] i  hosting: hashing files [606/608] (99%) 
[info] i  hosting: hashing files [607/608] (99%) 
[info] i  hosting: hashing files [607/608] (99%) 
[info] i  hosting: hashing files [607/608] (99%) 
[info] i  hosting: hashing files [607/608] (99%) 
[info] i  hosting: hashing files [607/608] (99%) 
[info] i  hosting: hashing files [607/608] (99%) 
[info] i  hosting: hashing files [607/608] (99%) 
[info] i  hosting: hashing files [607/608] (99%) 
[info] i  hosting: hashing files [607/608] (99%) 
[info] i  hosting: hashing files [607/608] (99%) 
[info] i  hosting: hashing files [607/608] (99%) 
[info] i  hosting: hashing files [607/608] (99%) 
[info] i  hosting: hashing files [607/608] (99%) 
[info] i  hosting: hashing files [607/608] (99%) 
[info] i  hosting: hashing files [607/608] (99%) 
[info] i  hosting: hashing files [607/608] (99%) 
[info] i  hosting: hashing files [607/608] (99%) 
